Release 14.7 - xst P.20131013 (lin64)
Copyright (c) 1995-2013 Xilinx, Inc.  All rights reserved.
--> 
Parameter TMPDIR set to xst/projnav.tmp


Total REAL time to Xst completion: 0.00 secs
Total CPU time to Xst completion: 0.02 secs
 
--> 
Parameter xsthdpdir set to xst


Total REAL time to Xst completion: 0.00 secs
Total CPU time to Xst completion: 0.02 secs
 
--> 
Reading design: main_slave.prj

TABLE OF CONTENTS
  1) Synthesis Options Summary
  2) HDL Parsing
  3) HDL Elaboration
  4) HDL Synthesis
       4.1) HDL Synthesis Report
  5) Advanced HDL Synthesis
       5.1) Advanced HDL Synthesis Report
  6) Low Level Synthesis
  7) Partition Report
  8) Design Summary
       8.1) Primitive and Black Box Usage
       8.2) Device utilization summary
       8.3) Partition Resource Summary
       8.4) Timing Report
            8.4.1) Clock Information
            8.4.2) Asynchronous Control Signals Information
            8.4.3) Timing Summary
            8.4.4) Timing Details
            8.4.5) Cross Clock Domains Report


=========================================================================
*                      Synthesis Options Summary                        *
=========================================================================
---- Source Parameters
Input File Name                    : "main_slave.prj"
Ignore Synthesis Constraint File   : NO

---- Target Parameters
Output File Name                   : "main_slave"
Output Format                      : NGC
Target Device                      : xc6slx9-2-csg225

---- Source Options
Top Module Name                    : main_slave
Automatic FSM Extraction           : YES
FSM Encoding Algorithm             : Auto
Safe Implementation                : No
FSM Style                          : LUT
RAM Extraction                     : Yes
RAM Style                          : Auto
ROM Extraction                     : Yes
Shift Register Extraction          : YES
ROM Style                          : Auto
Resource Sharing                   : YES
Asynchronous To Synchronous        : NO
Shift Register Minimum Size        : 2
Use DSP Block                      : Auto
Automatic Register Balancing       : No

---- Target Options
LUT Combining                      : Auto
Reduce Control Sets                : Auto
Add IO Buffers                     : YES
Global Maximum Fanout              : 100000
Add Generic Clock Buffer(BUFG)     : 16
Register Duplication               : YES
Optimize Instantiated Primitives   : NO
Use Clock Enable                   : Auto
Use Synchronous Set                : Auto
Use Synchronous Reset              : Auto
Pack IO Registers into IOBs        : Auto
Equivalent register Removal        : YES

---- General Options
Optimization Goal                  : Speed
Optimization Effort                : 1
Power Reduction                    : NO
Keep Hierarchy                     : No
Netlist Hierarchy                  : As_Optimized
RTL Output                         : Yes
Global Optimization                : AllClockNets
Read Cores                         : YES
Write Timing Constraints           : NO
Cross Clock Analysis               : NO
Hierarchy Separator                : /
Bus Delimiter                      : <>
Case Specifier                     : Maintain
Slice Utilization Ratio            : 100
BRAM Utilization Ratio             : 100
DSP48 Utilization Ratio            : 100
Auto BRAM Packing                  : NO
Slice Utilization Ratio Delta      : 5

=========================================================================


=========================================================================
*                          HDL Parsing                                  *
=========================================================================
Parsing VHDL file "/home/ise/ISE_Virtual_Machine_interconnection/slave_spi_fpga/main_slave2.vhd" into library work
Parsing entity <main_slave>.
Parsing architecture <Behavioral> of entity <main_slave>.

=========================================================================
*                            HDL Elaboration                            *
=========================================================================

Elaborating entity <main_slave> (architecture <Behavioral>) from library <work>.

=========================================================================
*                           HDL Synthesis                               *
=========================================================================

Synthesizing Unit <main_slave>.
    Related source file is "/home/ise/ISE_Virtual_Machine_interconnection/slave_spi_fpga/main_slave2.vhd".
    Found 32-bit register for signal <cont>.
    Found 5-bit register for signal <bit_index>.
    Found 1-bit register for signal <start_detected>.
    Found 16-bit register for signal <received_data>.
    Found 1-bit register for signal <clock_commFpga>.
    Found 32-bit adder for signal <cont[31]_GND_3_o_add_1_OUT> created at line 38.
    Found 5-bit adder for signal <bit_index[4]_GND_3_o_add_7_OUT> created at line 62.
    Found 5-bit comparator lessequal for signal <bit_index[4]_PWR_3_o_LessThan_6_o> created at line 60
    Summary:
	inferred   2 Adder/Subtractor(s).
	inferred  55 D-type flip-flop(s).
	inferred   1 Comparator(s).
	inferred  18 Multiplexer(s).
Unit <main_slave> synthesized.

=========================================================================
HDL Synthesis Report

Macro Statistics
# Adders/Subtractors                                   : 2
 32-bit adder                                          : 1
 5-bit adder                                           : 1
# Registers                                            : 5
 1-bit register                                        : 2
 16-bit register                                       : 1
 32-bit register                                       : 1
 5-bit register                                        : 1
# Comparators                                          : 1
 5-bit comparator lessequal                            : 1
# Multiplexers                                         : 18
 1-bit 2-to-1 multiplexer                              : 17
 5-bit 2-to-1 multiplexer                              : 1

=========================================================================

=========================================================================
*                       Advanced HDL Synthesis                          *
=========================================================================


Synthesizing (advanced) Unit <main_slave>.
The following registers are absorbed into counter <cont>: 1 register on signal <cont>.
The following registers are absorbed into counter <bit_index>: 1 register on signal <bit_index>.
Unit <main_slave> synthesized (advanced).

=========================================================================
Advanced HDL Synthesis Report

Macro Statistics
# Counters                                             : 2
 32-bit up counter                                     : 1
 5-bit up counter                                      : 1
# Registers                                            : 18
 Flip-Flops                                            : 18
# Comparators                                          : 1
 5-bit comparator lessequal                            : 1
# Multiplexers                                         : 17
 1-bit 2-to-1 multiplexer                              : 17

=========================================================================

=========================================================================
*                         Low Level Synthesis                           *
=========================================================================

Optimizing unit <main_slave> ...

Mapping all equations...
Building and optimizing final netlist ...
Found area constraint ratio of 100 (+ 5) on block main_slave, actual ratio is 1.

Final Macro Processing ...

=========================================================================
Final Register Report

Macro Statistics
# Registers                                            : 55
 Flip-Flops                                            : 55

=========================================================================

=========================================================================
*                           Partition Report                            *
=========================================================================

Partition Implementation Status
-------------------------------

  No Partitions were found in this design.

-------------------------------

=========================================================================
*                            Design Summary                             *
=========================================================================

Top Level Output File Name         : main_slave.ngc

Primitive and Black Box Usage:
------------------------------
# BELS                             : 165
#      GND                         : 1
#      INV                         : 2
#      LUT1                        : 31
#      LUT2                        : 36
#      LUT3                        : 2
#      LUT4                        : 1
#      LUT5                        : 1
#      LUT6                        : 27
#      MUXCY                       : 31
#      VCC                         : 1
#      XORCY                       : 32
# FlipFlops/Latches                : 55
#      FD                          : 33
#      FDE_1                       : 16
#      FDR                         : 5
#      FDR_1                       : 1
# Clock Buffers                    : 2
#      BUFG                        : 1
#      BUFGP                       : 1
# IO Buffers                       : 18
#      IBUF                        : 1
#      OBUF                        : 17

Device utilization summary:
---------------------------

Selected Device : 6slx9csg225-2 


Slice Logic Utilization: 
 Number of Slice Registers:              55  out of  11440     0%  
 Number of Slice LUTs:                  100  out of   5720     1%  
    Number used as Logic:               100  out of   5720     1%  

Slice Logic Distribution: 
 Number of LUT Flip Flop pairs used:    100
   Number with an unused Flip Flop:      45  out of    100    45%  
   Number with an unused LUT:             0  out of    100     0%  
   Number of fully used LUT-FF pairs:    55  out of    100    55%  
   Number of unique control sets:         4

IO Utilization: 
 Number of IOs:                          19
 Number of bonded IOBs:                  19  out of    160    11%  

Specific Feature Utilization:
 Number of BUFG/BUFGCTRLs:                2  out of     16    12%  

---------------------------
Partition Resource Summary:
---------------------------

  No Partitions were found in this design.

---------------------------


=========================================================================
Timing Report

NOTE: THESE TIMING NUMBERS ARE ONLY A SYNTHESIS ESTIMATE.
      FOR ACCURATE TIMING INFORMATION PLEASE REFER TO THE TRACE REPORT
      GENERATED AFTER PLACE-and-ROUTE.

Clock Information:
------------------
-----------------------------------+------------------------+-------+
Clock Signal                       | Clock buffer(FF name)  | Load  |
-----------------------------------+------------------------+-------+
clock_commFpga                     | BUFG                   | 22    |
clk                                | BUFGP                  | 33    |
-----------------------------------+------------------------+-------+

Asynchronous Control Signals Information:
----------------------------------------
No asynchronous control signals found in this design

Timing Summary:
---------------
Speed Grade: -2

   Minimum period: 4.947ns (Maximum Frequency: 202.143MHz)
   Minimum input arrival time before clock: 3.801ns
   Maximum output required time after clock: 4.412ns
   Maximum combinational path delay: No path found

Timing Details:
---------------
All values displayed in nanoseconds (ns)

=========================================================================
Timing constraint: Default period analysis for Clock 'clock_commFpga'
  Clock period: 3.342ns (frequency: 299.222MHz)
  Total number of paths / destination ports: 154 / 44
-------------------------------------------------------------------------
Delay:               3.342ns (Levels of Logic = 1)
  Source:            start_detected (FF)
  Destination:       received_data_0 (FF)
  Source Clock:      clock_commFpga falling
  Destination Clock: clock_commFpga falling

  Data Path: start_detected to received_data_0
                                Gate     Net
    Cell:in->out      fanout   Delay   Delay  Logical Name (Net Name)
    ----------------------------------------  ------------
     FDR_1:C->Q            9   0.525   1.084  start_detected (start_detected)
     LUT2:I0->O           16   0.250   1.181  _n0069_inv1 (_n0069_inv)
     FDE_1:CE                  0.302          received_data_0
    ----------------------------------------
    Total                      3.342ns (1.077ns logic, 2.265ns route)
                                       (32.2% logic, 67.8% route)

=========================================================================
Timing constraint: Default period analysis for Clock 'clk'
  Clock period: 4.947ns (frequency: 202.143MHz)
  Total number of paths / destination ports: 1586 / 33
-------------------------------------------------------------------------
Delay:               4.947ns (Levels of Logic = 3)
  Source:            cont_25 (FF)
  Destination:       cont_0 (FF)
  Source Clock:      clk rising
  Destination Clock: clk rising

  Data Path: cont_25 to cont_0
                                Gate     Net
    Cell:in->out      fanout   Delay   Delay  Logical Name (Net Name)
    ----------------------------------------  ------------
     FD:C->Q               2   0.525   1.181  cont_25 (cont_25)
     LUT6:I0->O            3   0.254   1.196  GND_3_o_cont[31]_equal_1_o<31>5 (GND_3_o_cont[31]_equal_1_o<31>4)
     LUT6:I1->O           17   0.254   1.209  GND_3_o_cont[31]_equal_1_o<31>7 (GND_3_o_cont[31]_equal_1_o)
     LUT2:I1->O            1   0.254   0.000  cont_0_rstpot (cont_0_rstpot)
     FD:D                      0.074          cont_0
    ----------------------------------------
    Total                      4.947ns (1.361ns logic, 3.586ns route)
                                       (27.5% logic, 72.5% route)

=========================================================================
Timing constraint: Default OFFSET IN BEFORE for Clock 'clock_commFpga'
  Total number of paths / destination ports: 17 / 17
-------------------------------------------------------------------------
Offset:              3.801ns (Levels of Logic = 3)
  Source:            serial_data_in (PAD)
  Destination:       bit_index_0 (FF)
  Destination Clock: clock_commFpga falling

  Data Path: serial_data_in to bit_index_0
                                Gate     Net
    Cell:in->out      fanout   Delay   Delay  Logical Name (Net Name)
    ----------------------------------------  ------------
     IBUF:I->O            17   1.328   1.209  serial_data_in_IBUF (serial_data_in_IBUF)
     LUT2:I1->O            1   0.254   0.682  Mcount_bit_index_xor<0>1_SW0 (N3)
     LUT6:I5->O            1   0.254   0.000  Mcount_bit_index_xor<0>1 (Mcount_bit_index)
     FDR:D                     0.074          bit_index_0
    ----------------------------------------
    Total                      3.801ns (1.910ns logic, 1.891ns route)
                                       (50.2% logic, 49.8% route)

=========================================================================
Timing constraint: Default OFFSET OUT AFTER for Clock 'clock_commFpga'
  Total number of paths / destination ports: 17 / 17
-------------------------------------------------------------------------
Offset:              4.412ns (Levels of Logic = 1)
  Source:            start_detected (FF)
  Destination:       start_detected_out (PAD)
  Source Clock:      clock_commFpga falling

  Data Path: start_detected to start_detected_out
                                Gate     Net
    Cell:in->out      fanout   Delay   Delay  Logical Name (Net Name)
    ----------------------------------------  ------------
     FDR_1:C->Q            9   0.525   0.975  start_detected (start_detected)
     OBUF:I->O                 2.912          start_detected_out_OBUF (start_detected_out)
    ----------------------------------------
    Total                      4.412ns (3.437ns logic, 0.975ns route)
                                       (77.9% logic, 22.1% route)

=========================================================================

Cross Clock Domains Report:
--------------------------

Clock to Setup on destination clock clk
---------------+---------+---------+---------+---------+
               | Src:Rise| Src:Fall| Src:Rise| Src:Fall|
Source Clock   |Dest:Rise|Dest:Rise|Dest:Fall|Dest:Fall|
---------------+---------+---------+---------+---------+
clk            |    4.947|         |         |         |
---------------+---------+---------+---------+---------+

Clock to Setup on destination clock clock_commFpga
---------------+---------+---------+---------+---------+
               | Src:Rise| Src:Fall| Src:Rise| Src:Fall|
Source Clock   |Dest:Rise|Dest:Rise|Dest:Fall|Dest:Fall|
---------------+---------+---------+---------+---------+
clock_commFpga |         |         |    3.342|         |
---------------+---------+---------+---------+---------+

=========================================================================


Total REAL time to Xst completion: 7.00 secs
Total CPU time to Xst completion: 6.39 secs
 
--> 


Total memory usage is 483384 kilobytes

Number of errors   :    0 (   0 filtered)
Number of warnings :    0 (   0 filtered)
Number of infos    :    0 (   0 filtered)

